QUERY PLAN
"GroupAggregate  (cost=120280.08..131530.10 rows=100000 width=44) (actual time=3044.885..4296.650 rows=198649 loops=1)"
"  Group Key: (round(salary, 3)), gender"
"  Buffers: shared hit=8122"
"  ->  Sort  (cost=120280.08..122780.09 rows=1000002 width=36) (actual time=3044.865..3453.490 rows=1000002 loops=1)"
"        Sort Key: (round(salary, 3)), gender"
"        Sort Method: quicksort  Memory: 71452kB"
"        Buffers: shared hit=8122"
"        ->  Seq Scan on person  (cost=0.00..20622.03 rows=1000002 width=36) (actual time=0.031..1004.428 rows=1000002 loops=1)"
"              Buffers: shared hit=8122"
"Planning Time: 0.154 ms"
"Execution Time: 4337.427 ms"
